{"/Users/nooralhadidi/Desktop/Personal Work/Brightskies/Practice/Recipe Website/recipe-book/src/auth/auth.controller.ts": {"path":"/Users/nooralhadidi/Desktop/Personal Work/Brightskies/Practice/Recipe Website/recipe-book/src/auth/auth.controller.ts","statementMap":{"0":{"start":{"line":1,"column":0},"end":{"line":1,"column":31}},"1":{"start":{"line":2,"column":0},"end":{"line":2,"column":36}},"2":{"start":{"line":3,"column":0},"end":{"line":3,"column":84}},"3":{"start":{"line":7,"column":4},"end":{"line":22,"column":5}},"4":{"start":{"line":8,"column":24},"end":{"line":8,"column":52}},"5":{"start":{"line":9,"column":22},"end":{"line":9,"column":57}},"6":{"start":{"line":10,"column":6},"end":{"line":10,"column":36}},"7":{"start":{"line":12,"column":6},"end":{"line":21,"column":7}},"8":{"start":{"line":13,"column":8},"end":{"line":13,"column":68}},"9":{"start":{"line":14,"column":13},"end":{"line":21,"column":7}},"10":{"start":{"line":15,"column":26},"end":{"line":15,"column":41}},"11":{"start":{"line":16,"column":8},"end":{"line":18,"column":70}},"12":{"start":{"line":20,"column":8},"end":{"line":20,"column":66}},"13":{"start":{"line":26,"column":4},"end":{"line":41,"column":5}},"14":{"start":{"line":27,"column":23},"end":{"line":27,"column":50}},"15":{"start":{"line":28,"column":21},"end":{"line":28,"column":54}},"16":{"start":{"line":29,"column":6},"end":{"line":29,"column":35}},"17":{"start":{"line":31,"column":6},"end":{"line":40,"column":7}},"18":{"start":{"line":32,"column":8},"end":{"line":32,"column":68}},"19":{"start":{"line":33,"column":13},"end":{"line":40,"column":7}},"20":{"start":{"line":34,"column":26},"end":{"line":34,"column":41}},"21":{"start":{"line":35,"column":8},"end":{"line":37,"column":70}},"22":{"start":{"line":39,"column":8},"end":{"line":39,"column":66}},"23":{"start":{"line":45,"column":4},"end":{"line":60,"column":5}},"24":{"start":{"line":46,"column":30},"end":{"line":46,"column":64}},"25":{"start":{"line":47,"column":6},"end":{"line":47,"column":48}},"26":{"start":{"line":48,"column":6},"end":{"line":48,"column":68}},"27":{"start":{"line":50,"column":6},"end":{"line":59,"column":7}},"28":{"start":{"line":51,"column":8},"end":{"line":51,"column":68}},"29":{"start":{"line":52,"column":13},"end":{"line":59,"column":7}},"30":{"start":{"line":53,"column":26},"end":{"line":53,"column":41}},"31":{"start":{"line":54,"column":8},"end":{"line":56,"column":70}},"32":{"start":{"line":58,"column":8},"end":{"line":58,"column":66}},"33":{"start":{"line":64,"column":4},"end":{"line":79,"column":5}},"34":{"start":{"line":65,"column":30},"end":{"line":65,"column":64}},"35":{"start":{"line":66,"column":24},"end":{"line":66,"column":72}},"36":{"start":{"line":67,"column":6},"end":{"line":67,"column":38}},"37":{"start":{"line":69,"column":6},"end":{"line":78,"column":7}},"38":{"start":{"line":70,"column":8},"end":{"line":70,"column":68}},"39":{"start":{"line":71,"column":13},"end":{"line":78,"column":7}},"40":{"start":{"line":72,"column":26},"end":{"line":72,"column":41}},"41":{"start":{"line":73,"column":8},"end":{"line":75,"column":70}},"42":{"start":{"line":77,"column":8},"end":{"line":77,"column":66}},"43":{"start":{"line":83,"column":13},"end":{"line":83,"column":51}}},"fnMap":{"0":{"name":"(anonymous_0)","decl":{"start":{"line":6,"column":2},"end":{"line":6,"column":7}},"loc":{"start":{"line":6,"column":33},"end":{"line":23,"column":3}}},"1":{"name":"(anonymous_1)","decl":{"start":{"line":25,"column":2},"end":{"line":25,"column":7}},"loc":{"start":{"line":25,"column":32},"end":{"line":42,"column":3}}},"2":{"name":"(anonymous_2)","decl":{"start":{"line":44,"column":2},"end":{"line":44,"column":7}},"loc":{"start":{"line":44,"column":33},"end":{"line":61,"column":3}}},"3":{"name":"(anonymous_3)","decl":{"start":{"line":63,"column":2},"end":{"line":63,"column":7}},"loc":{"start":{"line":63,"column":40},"end":{"line":80,"column":3}}}},"branchMap":{"0":{"loc":{"start":{"line":12,"column":6},"end":{"line":21,"column":7}},"type":"if","locations":[{"start":{"line":12,"column":6},"end":{"line":21,"column":7}},{"start":{"line":14,"column":13},"end":{"line":21,"column":7}}]},"1":{"loc":{"start":{"line":14,"column":13},"end":{"line":21,"column":7}},"type":"if","locations":[{"start":{"line":14,"column":13},"end":{"line":21,"column":7}},{"start":{"line":19,"column":13},"end":{"line":21,"column":7}}]},"2":{"loc":{"start":{"line":31,"column":6},"end":{"line":40,"column":7}},"type":"if","locations":[{"start":{"line":31,"column":6},"end":{"line":40,"column":7}},{"start":{"line":33,"column":13},"end":{"line":40,"column":7}}]},"3":{"loc":{"start":{"line":33,"column":13},"end":{"line":40,"column":7}},"type":"if","locations":[{"start":{"line":33,"column":13},"end":{"line":40,"column":7}},{"start":{"line":38,"column":13},"end":{"line":40,"column":7}}]},"4":{"loc":{"start":{"line":50,"column":6},"end":{"line":59,"column":7}},"type":"if","locations":[{"start":{"line":50,"column":6},"end":{"line":59,"column":7}},{"start":{"line":52,"column":13},"end":{"line":59,"column":7}}]},"5":{"loc":{"start":{"line":52,"column":13},"end":{"line":59,"column":7}},"type":"if","locations":[{"start":{"line":52,"column":13},"end":{"line":59,"column":7}},{"start":{"line":57,"column":13},"end":{"line":59,"column":7}}]},"6":{"loc":{"start":{"line":69,"column":6},"end":{"line":78,"column":7}},"type":"if","locations":[{"start":{"line":69,"column":6},"end":{"line":78,"column":7}},{"start":{"line":71,"column":13},"end":{"line":78,"column":7}}]},"7":{"loc":{"start":{"line":71,"column":13},"end":{"line":78,"column":7}},"type":"if","locations":[{"start":{"line":71,"column":13},"end":{"line":78,"column":7}},{"start":{"line":76,"column":13},"end":{"line":78,"column":7}}]}},"s":{"0":1,"1":1,"2":1,"3":0,"4":0,"5":0,"6":0,"7":0,"8":0,"9":0,"10":0,"11":0,"12":0,"13":0,"14":0,"15":0,"16":0,"17":0,"18":0,"19":0,"20":0,"21":0,"22":0,"23":0,"24":0,"25":0,"26":0,"27":0,"28":0,"29":0,"30":0,"31":0,"32":0,"33":0,"34":0,"35":0,"36":0,"37":0,"38":0,"39":0,"40":0,"41":0,"42":0,"43":1},"f":{"0":0,"1":0,"2":0,"3":0},"b":{"0":[0,0],"1":[0,0],"2":[0,0],"3":[0,0],"4":[0,0],"5":[0,0],"6":[0,0],"7":[0,0]}}
,"/Users/nooralhadidi/Desktop/Personal Work/Brightskies/Practice/Recipe Website/recipe-book/src/auth/auth.route.ts": {"path":"/Users/nooralhadidi/Desktop/Personal Work/Brightskies/Practice/Recipe Website/recipe-book/src/auth/auth.route.ts","statementMap":{"0":{"start":{"line":1,"column":0},"end":{"line":1,"column":33}},"1":{"start":{"line":2,"column":0},"end":{"line":2,"column":40}},"2":{"start":{"line":4,"column":13},"end":{"line":4,"column":35}},"3":{"start":{"line":72,"column":0},"end":{"line":72,"column":52}},"4":{"start":{"line":141,"column":0},"end":{"line":141,"column":48}},"5":{"start":{"line":190,"column":0},"end":{"line":190,"column":50}},"6":{"start":{"line":248,"column":0},"end":{"line":248,"column":58}},"7":{"start":{"line":250,"column":0},"end":{"line":250,"column":26}}},"fnMap":{},"branchMap":{},"s":{"0":1,"1":1,"2":1,"3":1,"4":1,"5":1,"6":1,"7":1},"f":{},"b":{}}
,"/Users/nooralhadidi/Desktop/Personal Work/Brightskies/Practice/Recipe Website/recipe-book/src/auth/auth.schema.ts": {"path":"/Users/nooralhadidi/Desktop/Personal Work/Brightskies/Practice/Recipe Website/recipe-book/src/auth/auth.schema.ts","statementMap":{"0":{"start":{"line":1,"column":0},"end":{"line":1,"column":20}},"1":{"start":{"line":3,"column":13},"end":{"line":17,"column":3}},"2":{"start":{"line":19,"column":13},"end":{"line":25,"column":3}},"3":{"start":{"line":27,"column":13},"end":{"line":29,"column":3}}},"fnMap":{},"branchMap":{},"s":{"0":1,"1":1,"2":1,"3":1},"f":{},"b":{}}
,"/Users/nooralhadidi/Desktop/Personal Work/Brightskies/Practice/Recipe Website/recipe-book/src/auth/auth.service.ts": {"path":"/Users/nooralhadidi/Desktop/Personal Work/Brightskies/Practice/Recipe Website/recipe-book/src/auth/auth.service.ts","statementMap":{"0":{"start":{"line":1,"column":0},"end":{"line":1,"column":76}},"1":{"start":{"line":3,"column":0},"end":{"line":3,"column":30}},"2":{"start":{"line":4,"column":0},"end":{"line":4,"column":36}},"3":{"start":{"line":5,"column":0},"end":{"line":5,"column":28}},"4":{"start":{"line":6,"column":0},"end":{"line":6,"column":31}},"5":{"start":{"line":7,"column":0},"end":{"line":7,"column":36}},"6":{"start":{"line":8,"column":0},"end":{"line":8,"column":38}},"7":{"start":{"line":12,"column":53},"end":{"line":12,"column":62}},"8":{"start":{"line":13,"column":25},"end":{"line":17,"column":16}},"9":{"start":{"line":18,"column":4},"end":{"line":20,"column":5}},"10":{"start":{"line":19,"column":6},"end":{"line":19,"column":70}},"11":{"start":{"line":21,"column":27},"end":{"line":21,"column":58}},"12":{"start":{"line":22,"column":20},"end":{"line":36,"column":16}},"13":{"start":{"line":37,"column":4},"end":{"line":37,"column":22}},"14":{"start":{"line":41,"column":32},"end":{"line":41,"column":40}},"15":{"start":{"line":42,"column":17},"end":{"line":52,"column":16}},"16":{"start":{"line":53,"column":4},"end":{"line":55,"column":5}},"17":{"start":{"line":54,"column":6},"end":{"line":54,"column":54}},"18":{"start":{"line":56,"column":4},"end":{"line":58,"column":5}},"19":{"start":{"line":57,"column":6},"end":{"line":57,"column":53}},"20":{"start":{"line":59,"column":28},"end":{"line":59,"column":76}},"21":{"start":{"line":60,"column":4},"end":{"line":62,"column":5}},"22":{"start":{"line":61,"column":6},"end":{"line":61,"column":54}},"23":{"start":{"line":63,"column":24},"end":{"line":66,"column":null}},"24":{"start":{"line":68,"column":16},"end":{"line":68,"column":28}},"25":{"start":{"line":69,"column":25},"end":{"line":72,"column":null}},"26":{"start":{"line":74,"column":4},"end":{"line":81,"column":17}},"27":{"start":{"line":82,"column":4},"end":{"line":82,"column":41}},"28":{"start":{"line":86,"column":29},"end":{"line":86,"column":44}},"29":{"start":{"line":88,"column":4},"end":{"line":92,"column":5}},"30":{"start":{"line":89,"column":8},"end":{"line":89,"column":82}},"31":{"start":{"line":91,"column":8},"end":{"line":91,"column":null}},"32":{"start":{"line":93,"column":23},"end":{"line":105,"column":16}},"33":{"start":{"line":106,"column":4},"end":{"line":108,"column":5}},"34":{"start":{"line":107,"column":6},"end":{"line":107,"column":56}},"35":{"start":{"line":109,"column":4},"end":{"line":111,"column":5}},"36":{"start":{"line":110,"column":6},"end":{"line":110,"column":70}},"37":{"start":{"line":112,"column":4},"end":{"line":116,"column":17}},"38":{"start":{"line":120,"column":29},"end":{"line":120,"column":44}},"39":{"start":{"line":122,"column":4},"end":{"line":126,"column":5}},"40":{"start":{"line":123,"column":8},"end":{"line":123,"column":82}},"41":{"start":{"line":125,"column":8},"end":{"line":125,"column":null}},"42":{"start":{"line":127,"column":23},"end":{"line":139,"column":16}},"43":{"start":{"line":140,"column":4},"end":{"line":142,"column":5}},"44":{"start":{"line":141,"column":6},"end":{"line":141,"column":56}},"45":{"start":{"line":143,"column":4},"end":{"line":145,"column":5}},"46":{"start":{"line":144,"column":6},"end":{"line":144,"column":70}},"47":{"start":{"line":146,"column":27},"end":{"line":149,"column":null}},"48":{"start":{"line":151,"column":4},"end":{"line":155,"column":17}},"49":{"start":{"line":156,"column":19},"end":{"line":156,"column":31}},"50":{"start":{"line":157,"column":28},"end":{"line":160,"column":null}},"51":{"start":{"line":162,"column":4},"end":{"line":169,"column":17}},"52":{"start":{"line":170,"column":4},"end":{"line":170,"column":74}},"53":{"start":{"line":174,"column":13},"end":{"line":174,"column":45}}},"fnMap":{"0":{"name":"(anonymous_1)","decl":{"start":{"line":11,"column":2},"end":{"line":11,"column":7}},"loc":{"start":{"line":11,"column":35},"end":{"line":38,"column":3}}},"1":{"name":"(anonymous_2)","decl":{"start":{"line":40,"column":2},"end":{"line":40,"column":7}},"loc":{"start":{"line":40,"column":32},"end":{"line":83,"column":3}}},"2":{"name":"(anonymous_3)","decl":{"start":{"line":85,"column":2},"end":{"line":85,"column":7}},"loc":{"start":{"line":85,"column":47},"end":{"line":117,"column":3}}},"3":{"name":"(anonymous_4)","decl":{"start":{"line":119,"column":2},"end":{"line":119,"column":7}},"loc":{"start":{"line":119,"column":54},"end":{"line":171,"column":3}}}},"branchMap":{"0":{"loc":{"start":{"line":18,"column":4},"end":{"line":20,"column":5}},"type":"if","locations":[{"start":{"line":18,"column":4},"end":{"line":20,"column":5}},{"start":{},"end":{}}]},"1":{"loc":{"start":{"line":53,"column":4},"end":{"line":55,"column":5}},"type":"if","locations":[{"start":{"line":53,"column":4},"end":{"line":55,"column":5}},{"start":{},"end":{}}]},"2":{"loc":{"start":{"line":56,"column":4},"end":{"line":58,"column":5}},"type":"if","locations":[{"start":{"line":56,"column":4},"end":{"line":58,"column":5}},{"start":{},"end":{}}]},"3":{"loc":{"start":{"line":60,"column":4},"end":{"line":62,"column":5}},"type":"if","locations":[{"start":{"line":60,"column":4},"end":{"line":62,"column":5}},{"start":{},"end":{}}]},"4":{"loc":{"start":{"line":106,"column":4},"end":{"line":108,"column":5}},"type":"if","locations":[{"start":{"line":106,"column":4},"end":{"line":108,"column":5}},{"start":{},"end":{}}]},"5":{"loc":{"start":{"line":109,"column":4},"end":{"line":111,"column":5}},"type":"if","locations":[{"start":{"line":109,"column":4},"end":{"line":111,"column":5}},{"start":{},"end":{}}]},"6":{"loc":{"start":{"line":109,"column":8},"end":{"line":109,"column":71}},"type":"binary-expr","locations":[{"start":{"line":109,"column":8},"end":{"line":109,"column":31}},{"start":{"line":109,"column":35},"end":{"line":109,"column":71}}]},"7":{"loc":{"start":{"line":140,"column":4},"end":{"line":142,"column":5}},"type":"if","locations":[{"start":{"line":140,"column":4},"end":{"line":142,"column":5}},{"start":{},"end":{}}]},"8":{"loc":{"start":{"line":143,"column":4},"end":{"line":145,"column":5}},"type":"if","locations":[{"start":{"line":143,"column":4},"end":{"line":145,"column":5}},{"start":{},"end":{}}]},"9":{"loc":{"start":{"line":143,"column":8},"end":{"line":143,"column":71}},"type":"binary-expr","locations":[{"start":{"line":143,"column":8},"end":{"line":143,"column":31}},{"start":{"line":143,"column":35},"end":{"line":143,"column":71}}]}},"s":{"0":1,"1":1,"2":1,"3":1,"4":1,"5":1,"6":1,"7":3,"8":3,"9":3,"10":2,"11":1,"12":1,"13":1,"14":7,"15":7,"16":7,"17":2,"18":5,"19":2,"20":3,"21":3,"22":2,"23":1,"24":1,"25":1,"26":1,"27":1,"28":10,"29":10,"30":10,"31":2,"32":8,"33":8,"34":2,"35":6,"36":5,"37":1,"38":8,"39":8,"40":8,"41":2,"42":6,"43":6,"44":2,"45":4,"46":3,"47":1,"48":1,"49":1,"50":1,"51":1,"52":1,"53":1},"f":{"0":3,"1":7,"2":10,"3":8},"b":{"0":[2,1],"1":[2,5],"2":[2,3],"3":[2,1],"4":[2,6],"5":[5,1],"6":[6,4],"7":[2,4],"8":[3,1],"9":[4,2]}}
,"/Users/nooralhadidi/Desktop/Personal Work/Brightskies/Practice/Recipe Website/recipe-book/src/auth/index.ts": {"path":"/Users/nooralhadidi/Desktop/Personal Work/Brightskies/Practice/Recipe Website/recipe-book/src/auth/index.ts","statementMap":{"0":{"start":{"line":1,"column":0},"end":{"line":1,"column":30}},"1":{"start":{"line":2,"column":0},"end":{"line":2,"column":31}},"2":{"start":{"line":3,"column":0},"end":{"line":3,"column":34}},"3":{"start":{"line":4,"column":0},"end":{"line":4,"column":29}}},"fnMap":{},"branchMap":{},"s":{"0":1,"1":1,"2":1,"3":1},"f":{},"b":{}}
,"/Users/nooralhadidi/Desktop/Personal Work/Brightskies/Practice/Recipe Website/recipe-book/src/config/database.config.ts": {"path":"/Users/nooralhadidi/Desktop/Personal Work/Brightskies/Practice/Recipe Website/recipe-book/src/config/database.config.ts","statementMap":{"0":{"start":{"line":1,"column":0},"end":{"line":1,"column":30}},"1":{"start":{"line":3,"column":13},"end":{"line":5,"column":2}}},"fnMap":{},"branchMap":{},"s":{"0":1,"1":1},"f":{},"b":{}}
,"/Users/nooralhadidi/Desktop/Personal Work/Brightskies/Practice/Recipe Website/recipe-book/src/config/index.ts": {"path":"/Users/nooralhadidi/Desktop/Personal Work/Brightskies/Practice/Recipe Website/recipe-book/src/config/index.ts","statementMap":{"0":{"start":{"line":1,"column":0},"end":{"line":1,"column":32}},"1":{"start":{"line":2,"column":0},"end":{"line":2,"column":34}},"2":{"start":{"line":3,"column":0},"end":{"line":3,"column":33}}},"fnMap":{},"branchMap":{},"s":{"0":1,"1":1,"2":1},"f":{},"b":{}}
,"/Users/nooralhadidi/Desktop/Personal Work/Brightskies/Practice/Recipe Website/recipe-book/src/config/logger.config.ts": {"path":"/Users/nooralhadidi/Desktop/Personal Work/Brightskies/Practice/Recipe Website/recipe-book/src/config/logger.config.ts","statementMap":{"0":{"start":{"line":1,"column":0},"end":{"line":1,"column":30}},"1":{"start":{"line":2,"column":0},"end":{"line":2,"column":28}},"2":{"start":{"line":4,"column":0},"end":{"line":4,"column":30}},"3":{"start":{"line":7,"column":13},"end":{"line":26,"column":2}}},"fnMap":{},"branchMap":{},"s":{"0":1,"1":1,"2":1,"3":1},"f":{},"b":{}}
,"/Users/nooralhadidi/Desktop/Personal Work/Brightskies/Practice/Recipe Website/recipe-book/src/config/swagger.config.ts": {"path":"/Users/nooralhadidi/Desktop/Personal Work/Brightskies/Practice/Recipe Website/recipe-book/src/config/swagger.config.ts","statementMap":{"0":{"start":{"line":35,"column":0},"end":{"line":35,"column":16}},"1":{"start":{"line":1,"column":0},"end":{"line":1,"column":41}},"2":{"start":{"line":2,"column":0},"end":{"line":2,"column":43}},"3":{"start":{"line":5,"column":26},"end":{"line":26,"column":2}},"4":{"start":{"line":28,"column":45},"end":{"line":31,"column":2}},"5":{"start":{"line":33,"column":20},"end":{"line":33,"column":48}},"6":{"start":{"line":36,"column":2},"end":{"line":36,"column":70}}},"fnMap":{"0":{"name":"setupSwagger","decl":{"start":{"line":35,"column":16},"end":{"line":35,"column":28}},"loc":{"start":{"line":35,"column":45},"end":{"line":37,"column":1}}}},"branchMap":{},"s":{"0":1,"1":1,"2":1,"3":1,"4":1,"5":1,"6":0},"f":{"0":0},"b":{}}
,"/Users/nooralhadidi/Desktop/Personal Work/Brightskies/Practice/Recipe Website/recipe-book/src/errors/app.error.ts": {"path":"/Users/nooralhadidi/Desktop/Personal Work/Brightskies/Practice/Recipe Website/recipe-book/src/errors/app.error.ts","statementMap":{"0":{"start":{"line":7,"column":4},"end":{"line":7,"column":19}},"1":{"start":{"line":8,"column":4},"end":{"line":8,"column":33}},"2":{"start":{"line":9,"column":4},"end":{"line":9,"column":30}},"3":{"start":{"line":10,"column":4},"end":{"line":10,"column":27}},"4":{"start":{"line":11,"column":4},"end":{"line":11,"column":52}},"5":{"start":{"line":1,"column":0},"end":{"line":1,"column":13}}},"fnMap":{"0":{"name":"(anonymous_0)","decl":{"start":{"line":6,"column":2},"end":{"line":6,"column":14}},"loc":{"start":{"line":6,"column":68},"end":{"line":12,"column":3}}}},"branchMap":{},"s":{"0":24,"1":24,"2":24,"3":24,"4":24,"5":1},"f":{"0":24},"b":{}}
,"/Users/nooralhadidi/Desktop/Personal Work/Brightskies/Practice/Recipe Website/recipe-book/src/errors/index.ts": {"path":"/Users/nooralhadidi/Desktop/Personal Work/Brightskies/Practice/Recipe Website/recipe-book/src/errors/index.ts","statementMap":{"0":{"start":{"line":1,"column":0},"end":{"line":1,"column":28}}},"fnMap":{},"branchMap":{},"s":{"0":1},"f":{},"b":{}}
,"/Users/nooralhadidi/Desktop/Personal Work/Brightskies/Practice/Recipe Website/recipe-book/src/utils/env.schema.ts": {"path":"/Users/nooralhadidi/Desktop/Personal Work/Brightskies/Practice/Recipe Website/recipe-book/src/utils/env.schema.ts","statementMap":{"0":{"start":{"line":1,"column":0},"end":{"line":1,"column":24}},"1":{"start":{"line":3,"column":13},"end":{"line":16,"column":3}}},"fnMap":{},"branchMap":{},"s":{"0":1,"1":1},"f":{},"b":{}}
,"/Users/nooralhadidi/Desktop/Personal Work/Brightskies/Practice/Recipe Website/recipe-book/src/utils/env.util.ts": {"path":"/Users/nooralhadidi/Desktop/Personal Work/Brightskies/Practice/Recipe Website/recipe-book/src/utils/env.util.ts","statementMap":{"0":{"start":{"line":1,"column":0},"end":{"line":1,"column":28}},"1":{"start":{"line":2,"column":0},"end":{"line":2,"column":47}},"2":{"start":{"line":9,"column":8},"end":{"line":9,"column":24}},"3":{"start":{"line":11,"column":23},"end":{"line":11,"column":48}},"4":{"start":{"line":13,"column":8},"end":{"line":13,"column":32}},"5":{"start":{"line":15,"column":8},"end":{"line":15,"column":54}},"6":{"start":{"line":19,"column":23},"end":{"line":19,"column":55}},"7":{"start":{"line":21,"column":8},"end":{"line":25,"column":9}},"8":{"start":{"line":22,"column":12},"end":{"line":22,"column":71}},"9":{"start":{"line":23,"column":12},"end":{"line":23,"column":49}},"10":{"start":{"line":24,"column":12},"end":{"line":24,"column":28}},"11":{"start":{"line":27,"column":8},"end":{"line":27,"column":22}},"12":{"start":{"line":32,"column":8},"end":{"line":32,"column":30}},"13":{"start":{"line":36,"column":13},"end":{"line":36,"column":46}}},"fnMap":{"0":{"name":"(anonymous_1)","decl":{"start":{"line":8,"column":4},"end":{"line":8,"column":null}},"loc":{"start":{"line":8,"column":4},"end":{"line":16,"column":5}}},"1":{"name":"(anonymous_2)","decl":{"start":{"line":18,"column":12},"end":{"line":18,"column":30}},"loc":{"start":{"line":18,"column":30},"end":{"line":28,"column":5}}},"2":{"name":"(anonymous_3)","decl":{"start":{"line":31,"column":11},"end":{"line":31,"column":14}},"loc":{"start":{"line":31,"column":55},"end":{"line":33,"column":5}}}},"branchMap":{"0":{"loc":{"start":{"line":21,"column":8},"end":{"line":25,"column":9}},"type":"if","locations":[{"start":{"line":21,"column":8},"end":{"line":25,"column":9}},{"start":{},"end":{}}]}},"s":{"0":1,"1":1,"2":1,"3":1,"4":1,"5":1,"6":1,"7":1,"8":0,"9":0,"10":0,"11":1,"12":27,"13":1},"f":{"0":1,"1":1,"2":27},"b":{"0":[0,1]}}
,"/Users/nooralhadidi/Desktop/Personal Work/Brightskies/Practice/Recipe Website/recipe-book/src/utils/index.ts": {"path":"/Users/nooralhadidi/Desktop/Personal Work/Brightskies/Practice/Recipe Website/recipe-book/src/utils/index.ts","statementMap":{"0":{"start":{"line":1,"column":0},"end":{"line":1,"column":27}},"1":{"start":{"line":2,"column":0},"end":{"line":2,"column":30}}},"fnMap":{},"branchMap":{},"s":{"0":1,"1":1},"f":{},"b":{}}
,"/Users/nooralhadidi/Desktop/Personal Work/Brightskies/Practice/Recipe Website/recipe-book/src/utils/logger.util.ts": {"path":"/Users/nooralhadidi/Desktop/Personal Work/Brightskies/Practice/Recipe Website/recipe-book/src/utils/logger.util.ts","statementMap":{"0":{"start":{"line":1,"column":0},"end":{"line":1,"column":59}},"1":{"start":{"line":2,"column":0},"end":{"line":2,"column":47}},"2":{"start":{"line":8,"column":8},"end":{"line":8,"column":28}},"3":{"start":{"line":12,"column":8},"end":{"line":12,"column":49}},"4":{"start":{"line":13,"column":8},"end":{"line":13,"column":null}},"5":{"start":{"line":18,"column":13},"end":{"line":18,"column":42}}},"fnMap":{"0":{"name":"(anonymous_1)","decl":{"start":{"line":7,"column":4},"end":{"line":7,"column":8}},"loc":{"start":{"line":7,"column":14},"end":{"line":9,"column":5}}},"1":{"name":"(anonymous_2)","decl":{"start":{"line":11,"column":4},"end":{"line":11,"column":null}},"loc":{"start":{"line":11,"column":4},"end":{"line":14,"column":5}}}},"branchMap":{},"s":{"0":1,"1":1,"2":1,"3":1,"4":1,"5":1},"f":{"0":1,"1":1},"b":{}}
}
