TN:
SF:src/auth/auth.controller.ts
FN:6,(anonymous_0)
FN:25,(anonymous_1)
FN:44,(anonymous_2)
FN:63,(anonymous_3)
FNF:4
FNH:0
FNDA:0,(anonymous_0)
FNDA:0,(anonymous_1)
FNDA:0,(anonymous_2)
FNDA:0,(anonymous_3)
DA:1,1
DA:2,1
DA:3,1
DA:7,0
DA:8,0
DA:9,0
DA:10,0
DA:12,0
DA:13,0
DA:14,0
DA:15,0
DA:16,0
DA:20,0
DA:26,0
DA:27,0
DA:28,0
DA:29,0
DA:31,0
DA:32,0
DA:33,0
DA:34,0
DA:35,0
DA:39,0
DA:45,0
DA:46,0
DA:47,0
DA:48,0
DA:50,0
DA:51,0
DA:52,0
DA:53,0
DA:54,0
DA:58,0
DA:64,0
DA:65,0
DA:66,0
DA:67,0
DA:69,0
DA:70,0
DA:71,0
DA:72,0
DA:73,0
DA:77,0
DA:83,1
LF:44
LH:4
BRDA:12,0,0,0
BRDA:12,0,1,0
BRDA:14,1,0,0
BRDA:14,1,1,0
BRDA:31,2,0,0
BRDA:31,2,1,0
BRDA:33,3,0,0
BRDA:33,3,1,0
BRDA:50,4,0,0
BRDA:50,4,1,0
BRDA:52,5,0,0
BRDA:52,5,1,0
BRDA:69,6,0,0
BRDA:69,6,1,0
BRDA:71,7,0,0
BRDA:71,7,1,0
BRF:16
BRH:0
end_of_record
TN:
SF:src/auth/auth.route.ts
FNF:0
FNH:0
DA:1,1
DA:2,1
DA:4,1
DA:72,1
DA:141,1
DA:190,1
DA:248,1
DA:250,1
LF:8
LH:8
BRF:0
BRH:0
end_of_record
TN:
SF:src/auth/auth.schema.ts
FNF:0
FNH:0
DA:1,1
DA:3,1
DA:19,1
DA:27,1
LF:4
LH:4
BRF:0
BRH:0
end_of_record
TN:
SF:src/auth/auth.service.ts
FN:11,(anonymous_1)
FN:40,(anonymous_2)
FN:85,(anonymous_3)
FN:119,(anonymous_4)
FNF:4
FNH:4
FNDA:3,(anonymous_1)
FNDA:7,(anonymous_2)
FNDA:10,(anonymous_3)
FNDA:8,(anonymous_4)
DA:1,1
DA:3,1
DA:4,1
DA:5,1
DA:6,1
DA:7,1
DA:8,1
DA:12,3
DA:13,3
DA:18,3
DA:19,2
DA:21,1
DA:22,1
DA:37,1
DA:41,7
DA:42,7
DA:53,7
DA:54,2
DA:56,5
DA:57,2
DA:59,3
DA:60,3
DA:61,2
DA:63,1
DA:68,1
DA:69,1
DA:74,1
DA:82,1
DA:86,10
DA:88,10
DA:89,10
DA:91,2
DA:93,8
DA:106,8
DA:107,2
DA:109,6
DA:110,5
DA:112,1
DA:120,8
DA:122,8
DA:123,8
DA:125,2
DA:127,6
DA:140,6
DA:141,2
DA:143,4
DA:144,3
DA:146,1
DA:151,1
DA:156,1
DA:157,1
DA:162,1
DA:170,1
DA:174,1
LF:54
LH:54
BRDA:18,0,0,2
BRDA:18,0,1,1
BRDA:53,1,0,2
BRDA:53,1,1,5
BRDA:56,2,0,2
BRDA:56,2,1,3
BRDA:60,3,0,2
BRDA:60,3,1,1
BRDA:106,4,0,2
BRDA:106,4,1,6
BRDA:109,5,0,5
BRDA:109,5,1,1
BRDA:109,6,0,6
BRDA:109,6,1,4
BRDA:140,7,0,2
BRDA:140,7,1,4
BRDA:143,8,0,3
BRDA:143,8,1,1
BRDA:143,9,0,4
BRDA:143,9,1,2
BRF:20
BRH:20
end_of_record
TN:
SF:src/auth/index.ts
FNF:0
FNH:0
DA:1,1
DA:2,1
DA:3,1
DA:4,1
LF:4
LH:4
BRF:0
BRH:0
end_of_record
TN:
SF:src/config/database.config.ts
FNF:0
FNH:0
DA:1,1
DA:3,1
LF:2
LH:2
BRF:0
BRH:0
end_of_record
TN:
SF:src/config/index.ts
FNF:0
FNH:0
DA:1,1
DA:2,1
DA:3,1
LF:3
LH:3
BRF:0
BRH:0
end_of_record
TN:
SF:src/config/logger.config.ts
FNF:0
FNH:0
DA:1,1
DA:2,1
DA:4,1
DA:7,1
LF:4
LH:4
BRF:0
BRH:0
end_of_record
TN:
SF:src/config/swagger.config.ts
FN:35,setupSwagger
FNF:1
FNH:0
FNDA:0,setupSwagger
DA:1,1
DA:2,1
DA:5,1
DA:28,1
DA:33,1
DA:35,1
DA:36,0
LF:7
LH:6
BRF:0
BRH:0
end_of_record
TN:
SF:src/errors/app.error.ts
FN:6,(anonymous_0)
FNF:1
FNH:1
FNDA:24,(anonymous_0)
DA:1,1
DA:7,24
DA:8,24
DA:9,24
DA:10,24
DA:11,24
LF:6
LH:6
BRF:0
BRH:0
end_of_record
TN:
SF:src/errors/index.ts
FNF:0
FNH:0
DA:1,1
LF:1
LH:1
BRF:0
BRH:0
end_of_record
TN:
SF:src/utils/env.schema.ts
FNF:0
FNH:0
DA:1,1
DA:3,1
LF:2
LH:2
BRF:0
BRH:0
end_of_record
TN:
SF:src/utils/env.util.ts
FN:8,(anonymous_1)
FN:18,(anonymous_2)
FN:31,(anonymous_3)
FNF:3
FNH:3
FNDA:1,(anonymous_1)
FNDA:1,(anonymous_2)
FNDA:27,(anonymous_3)
DA:1,1
DA:2,1
DA:9,1
DA:11,1
DA:13,1
DA:15,1
DA:19,1
DA:21,1
DA:22,0
DA:23,0
DA:24,0
DA:27,1
DA:32,27
DA:36,1
LF:14
LH:11
BRDA:21,0,0,0
BRDA:21,0,1,1
BRF:2
BRH:1
end_of_record
TN:
SF:src/utils/index.ts
FNF:0
FNH:0
DA:1,1
DA:2,1
LF:2
LH:2
BRF:0
BRH:0
end_of_record
TN:
SF:src/utils/logger.util.ts
FN:7,(anonymous_1)
FN:11,(anonymous_2)
FNF:2
FNH:2
FNDA:1,(anonymous_1)
FNDA:1,(anonymous_2)
DA:1,1
DA:2,1
DA:8,1
DA:12,1
DA:13,1
DA:18,1
LF:6
LH:6
BRF:0
BRH:0
end_of_record
